         w __deregister_frame_info
         w __register_frame_info
         w userAppExit
         w userAppInit
00000000 00000802 B __ctru_dev_utf16_buf
00000000 b _TLS_MODULE_BASE_
00000000 a shift
00000000 a shift
00000804 00000401 B __ctru_dev_path_buf
00100000 A __start__
00100000 T _start
00100008 T __service_ptr
0010000c T __apt_appid
00100010 T __heap_size
00100014 T __linear_heap_size
00100018 T __system_arglist
0010001c T __system_runflags
00100020 t startup
00100058 t ClearMem
0010006c t ClrLoop
00100094 T _init
001000ac t .udivsi3_skip_div0_test
001000ac T __aeabi_uidiv
001000ac 000001ec T __udivsi3
00100298 00000020 T __aeabi_uidivmod
001002b8 T __aeabi_idiv
001002b8 00000220 T __divsi3
001002c0 t .divsi3_skip_div0_test
001004d8 00000020 T __aeabi_idivmod
001004f8 00000004 W __aeabi_idiv0
001004f8 00000004 W __aeabi_ldiv0
001004fc T __aeabi_drsub
00100504 000002b0 T __aeabi_dsub
00100504 000002b0 T __subdf3
00100508 000002ac T __adddf3
00100508 000002ac T __aeabi_dadd
001007b4 00000024 T __aeabi_ui2d
001007b4 00000024 T __floatunsidf
001007d8 00000028 T __aeabi_i2d
001007d8 00000028 T __floatsidf
00100800 00000048 T __aeabi_f2d
00100800 00000048 T __extendsfdf2
00100848 00000074 T __aeabi_ul2d
00100848 00000074 T __floatundidf
0010085c 00000060 T __aeabi_l2d
0010085c 00000060 T __floatdidf
001008bc T __aeabi_ldivmod
00100990 T __aeabi_uldivmod
001009e8 00000390 T strcmp
00100d70 t __do_global_dtors_aux
00100db0 t frame_dummy
00100ddc 000006ac T initialize_jet
00101488 000001f8 T bullets_jet
00101680 000001a4 T drawGame
00101824 00000058 T caracterSprite
0010187c 00000058 T initplayerstripe
001018d4 00000224 T switch_backgrounds
00101af8 000001c8 T jetpack
00101cc0 000000ec T trigger_jetpack
00101dac 000000c8 T level_generator
00101e74 0000094c T main
001027c0 00000044 t C2Di_FrameEndHook
00102808 0000036c T C2D_Init
00102b74 0000004c T C2D_Fini
00102bc0 000000b8 T C2D_Prepare
00102c78 00000048 T C2D_Flush
00102cc0 00000104 T C2D_SceneSize
00102dc4 00000058 T C2D_CreateScreenTarget
00102e1c 00000064 T C2D_TargetClear
00102e80 0000013c T C2Di_CalcQuad
00102fbc 00000058 T C2Di_AppendQuad
00103014 00000040 T C2Di_AppendVtx
00103054 00000550 T C2Di_Update
001035a4 000002b0 T C2D_DrawImage
00103854 00000158 T C2D_DrawRectangle
001039ac 00000018 t C2Di_GlyphComp
001039c4 00000140 t C2Di_CalcLineWidths
00103b04 000001dc T C2D_TextBufNew
00103ce0 000001c8 T C2D_TextFontParseLine
00103ea8 000000a8 T C2D_TextFontParse
00103f50 00000030 T C2D_TextOptimize
00103f80 00000f6c T C2D_DrawText
00104eec 0000006c T C2D_SpriteSheetLoadFromHandle
00104f58 00000048 T C2D_SpriteSheetLoad
00104fa0 0000002c T C2D_SpriteSheetGetImage
00104fcc 00000028 T C2D_FontFree
00104ff4 000000e8 t C2Di_PostLoadFont
001050dc 000000b4 T C2D_FontLoadFromHandle
00105190 00000034 T C2D_FontLoad
001051c4 00000044 T C2D_FontGlyphIndexFromCodePoint
00105208 00000078 T C2D_FontCalcGlyphPos
00105280 00000028 T AttrInfo_Init
001052a8 00000094 T AttrInfo_AddLoader
0010533c 00000054 T C3D_SetAttrInfo
00105390 00000080 T C3Di_AttrInfoBind
00105410 00000004 W C3Di_LightEnvUpdate
00105414 00000004 W C3Di_LightEnvDirty
00105418 000000b4 t C3Di_AptEventHook
001054cc 00000004 W C3Di_GasUpdate
001054d0 000001d0 T C3D_Init
001056a0 00000098 T C3D_SetViewport
00105738 000004f0 T C3Di_UpdateContext
00105c28 000000e0 T C3Di_SplitFrame
00105d08 00000010 T C3D_GetCmdBufUsage
00105d18 00000044 T C3D_Fini
00105d5c 00000194 T C3D_BindProgram
00105ef0 00000024 T BufInfo_Init
00105f14 00000080 T BufInfo_Add
00105f94 0000003c T C3D_SetBufInfo
00105fd0 00000048 T C3Di_BufInfoBind
00106018 0000021c T C3D_DrawElements
00106234 00000040 T C3D_DepthMap
00106274 0000001c T C3D_CullFace
00106290 00000040 T C3D_StencilTest
001062d0 00000024 T C3D_StencilOp
001062f4 0000001c T C3D_BlendingColor
00106310 00000024 T C3D_EarlyDepthTest
00106334 0000002c T C3D_DepthTest
00106360 0000002c T C3D_AlphaTest
0010638c 00000050 T C3D_AlphaBlend
001063dc 00000030 T C3D_FragOpMode
0010640c 00000044 T C3D_FragOpShadow
00106450 000001ac T C3Di_EffectBind
001065fc 0000001c T C3D_CalcColorBufSize
00106618 0000001c T C3D_CalcDepthBufSize
00106634 00000044 T C3D_SetFrameBuf
00106678 0000016c T C3Di_FrameBufBind
001067e4 000000c8 T C3D_FrameBufClear
001068ac 00000044 T C3D_FrameBufTransfer
001068f0 000000a8 T C3D_ImmSendAttrib
00106998 00000070 T C3D_ProcTexInit
00106a08 00000054 T C3D_ProcTexBind
00106a5c 0000005c T C3D_ProcTexLutBind
00106ab8 000000a4 T ProcTexLut_FromArray
00106b5c 00000184 T C3Di_ProcTexUpdate
00106ce0 00000068 T C3Di_ProcTexDirty
00106d48 0000004c t onVBlank0
00106d94 0000004c t onVBlank1
00106de0 00000080 t C3Di_RenderTargetDestroy
00106e60 000000f4 t onQueueFinish
00106f54 00000038 T C3Di_RenderQueueEnableVBlank
00106f8c 00000030 T C3Di_RenderQueueDisableVBlank
00106fbc 00000060 T C3Di_RenderQueueInit
0010701c 000000b4 T C3Di_RenderQueueExit
001070d0 00000034 T C3Di_RenderQueueWaitDone
00107104 000000e8 T C3D_FrameBegin
001071ec 00000048 T C3D_FrameDrawOn
00107234 00000058 T C3D_FrameSplit
0010728c 000001d0 T C3D_FrameEnd
0010745c 0000001c T C3D_FrameEndHook
00107478 00000018 T C3D_GetDrawingTime
00107490 00000018 T C3D_GetProcessingTime
001074a8 00000170 T C3D_RenderTargetCreate
00107618 000000a8 T C3D_RenderTargetSetOutput
001076c0 000000fc T C3D_SyncTextureCopy
001077bc 000003d8 t Tex3DSi_ImportCommon
00107b94 00000038 T Tex3DS_TextureImportStdio
00107bcc 0000001c T Tex3DS_GetSubTexture
00107be8 00000034 T C3D_GetTexEnv
00107c1c 00000024 T C3Di_TexEnvBind
00107c40 00000298 T C3D_TexInitWithParams
00107ed8 000000c8 T C3D_TexLoadImage
00107fa0 00000044 T C3D_TexBind
00107fe4 00000074 T C3D_TexDelete
00108058 0000016c T C3Di_SetTex
001081c4 000002a0 T C3D_UpdateUniforms
00108464 000000c0 T C3Di_DirtyUniforms
00108524 000000d8 T C3Di_LoadShaderUniforms
001085fc 00000028 T C3Di_ClearShaderUniforms
00108624 000000cc T Mtx_Ortho
001086f0 000000cc T Mtx_OrthoTilt
001087bc 00000024 t addrMapNodeComparator(rbtree_node const*, rbtree_node const*)
001087e0 00000004 t addrMapNodeDestructor(rbtree_node*)
001087e4 00000250 T vramMemAlignAt
00108a34 0000000c T vramAlloc
00108a40 0000000c T vramAllocAt
00108a4c 00000090 T vramFree
00108adc 00000024 t addrMapNodeComparator(rbtree_node const*, rbtree_node const*)
00108b00 00000004 t addrMapNodeDestructor(rbtree_node*)
00108b04 00000120 T linearMemAlign
00108c24 00000008 T linearAlloc
00108c2c 0000005c T linearFree
00108c88 00000080 T MemPool::CoalesceRight(MemBlock*)
00108d08 0000016c T MemPool::Allocate(MemChunk&, unsigned long, int)
00108e74 000000fc T MemPool::Deallocate(MemChunk const&)
00108f70 00000030 T MemPool::GetFreeSpace()
00108fa0 00000008 t romfs_close
00108fa8 000000c0 t romfs_seek
00109068 00000024 t romfs_dirreset
0010908c 000000c8 t fill_dir
00109154 0000028c t romfs_dirnext
001093e0 00000084 t romfs_free
00109464 000000d4 t searchForFile.constprop.0
00109538 000000d8 t searchForDir.constprop.0
00109610 000001c0 t navigateToDir.constprop.0
001097d0 0000010c t romfs_open
001098dc 0000004c t romfs_chdir
00109928 00000070 t romfs_diropen
00109998 00000174 t romfs_stat
00109b0c 00000008 t romfs_dirclose
00109b18 00000084 t romfs_fstat
00109b9c 000000d0 t romfs_read
00109c6c 0000028c T romfsMountFromFile
00109ef8 00000098 T romfsMountFromCurrentProcess
00109f90 00000260 T romfsMountSelf
0010a1f0 000000a0 T romfsUnmount
0010a290 00000074 T osConvertVirtToPhys
0010a304 00000054 T osGetTimeRef
0010a358 000000ec T osGetTime
0010a448 00000038 T osTickCounterRead
0010a480 00000034 T __ctru_speedup_config
0010a4b4 000001e8 t parseColor
0010a69c 000001ac T consoleDrawChar
0010a848 00000124 T consolePrintChar
0010a96c 00000b94 T con_write
0010b500 000000fc t newRow
0010b5fc 00000170 T consoleInit
0010b76c 00000094 T fontEnsureMapped
0010b800 0000007c T fontFixPointers
0010b87c 00000100 T fontGlyphIndexFromCodePoint
0010b97c 000001ec T fontCalcGlyphPos
0010bb68 000000d0 t gfxPresentFramebuffer
0010bc38 0000001c T gfxIsWide
0010bc54 000000ec T gfxSetScreenFormat
0010bd40 00000010 T gfxSetDoubleBuffering
0010bd50 000000e0 T gfxInit
0010be30 00000010 T gfxInitDefault
0010be40 000000b4 T gfxExit
0010bef4 000000a0 T gfxGetFramebuffer
0010bf94 00000104 T gfxFlushBuffers
0010c098 00000030 T gfxScreenSwapBuffers
0010c0c8 00000050 T gfxSwapBuffersGpu
0010c118 000001d4 T shaderInstanceInit
0010c2ec 00000018 T shaderInstanceGetUniformLocation
0010c304 0000001c T shaderProgramInit
0010c320 00000064 T shaderProgramFree
0010c384 00000080 T shaderProgramSetVsh
0010c404 000008e0 T shaderProgramConfigure
0010cce4 000001cc t DVLE_GenerateOutmap.part.0
0010ceb0 000001b4 T DVLB_ParseFile
0010d064 00000038 T DVLB_Free
0010d09c 00000074 T DVLE_GetUniformRegister
0010d110 00000010 T GX_BindQueue
0010d120 00000078 T GX_ProcessCommandList
0010d198 00000074 T GX_MemoryFill
0010d20c 00000070 T GX_DisplayTransfer
0010d27c 00000074 T GX_TextureCopy
0010d2f0 00000068 t gxCmdQueueDoCommands.part.0
0010d358 000000c8 T gxCmdQueueInterrupt
0010d420 0000004c T gxCmdQueueClear
0010d46c 000000f8 T gxCmdQueueAdd
0010d564 00000080 T gxCmdQueueRun
0010d5e4 00000060 T gxCmdQueueStop
0010d644 00000074 T gxCmdQueueWait
0010d6b8 0000013c T GPUCMD_Add
0010d7f4 000000b0 T GPUCMD_Split
0010d8a4 00000034 T f32tof16
0010d8d8 00000034 T f32tof24
0010d90c 00000038 T f32tof31
0010d944 000000a4 T cfguInit
0010d9e8 0000003c T cfguExit
0010da24 00000c58 t gspHardwareInit
0010e67c 00000248 T gspInit
0010e8c4 000000f0 T gspExit
0010e9b4 00000010 T gspHasGpuRight
0010e9c4 000000a0 T gspPresentBuffer
0010ea64 00000030 T gspSetEventCallback
0010ea94 00000044 T gspWaitForEvent
0010ead8 0000004c T gspWaitForAnyEvent
0010eb24 00000158 t gspEventThreadMain
0010ec7c 00000130 T gspSubmitGxCommand
0010edac 00000050 T GSPGPU_FlushDataCache
0010edfc 00000034 T GSPGPU_SetLcdForceBlack
0010ee30 00000068 T GSPGPU_AcquireRight
0010ee98 00000048 T GSPGPU_ReleaseRight
0010eee0 0000007c T GSPGPU_ImportDisplayCaptureInfo
0010ef5c 0000002c T GSPGPU_SaveVramSysArea
0010ef88 0000002c T GSPGPU_RestoreVramSysArea
0010efb4 00000024 W hidShouldUseIrrst
0010efd8 0000018c T hidInit
0010f164 000000e8 T hidExit
0010f24c 000002a4 T hidScanInput
0010f4f0 00000010 T hidKeysHeld
0010f500 00000010 T hidKeysDown
0010f510 000001a4 t aptConvertScreenForCapture
0010f6b4 00000008 W aptDspSleep
0010f6bc 00000004 W aptDspWakeup
0010f6c0 00000004 W aptDspCancel
0010f6c4 00000158 T aptSendCommand
0010f820 00000044 t aptExitProcess
0010f864 0000038c T aptExit
0010fbf0 000000e0 T aptHandleSleep
0010fcd0 00000030 T aptHook
0010fd00 00000030 T aptUnhook
0010fd30 00000084 T APT_SleepIfShellClosed
0010fdb4 00000084 T aptSetSleepAllowed
0010fe38 00000084 T APT_UnlockTransition
0010fec0 000004a4 t aptEventHandler
00110364 000000b0 T APT_ReceiveParameter
00110414 000000b0 t aptReceiveParameter.constprop.0
001104c8 000002ac t aptScreenTransfer
00110774 00000344 t aptWaitForWakeUp.isra.0
00110ab8 00000100 T aptJumpToHomeMenu
00110bb8 00000048 T aptMainLoop
00110c00 0000022c T aptInit
00110e2c 0000007c T APT_CheckNew3DS
00110ea8 00000048 T APT_GetSharedFont
00110ef0 00000074 T ptmSysmInit
00110f64 0000003c T ptmSysmExit
00110fa0 00000034 T PTMSYSM_ConfigureNew3DSCPU
00110fd4 000000cc T fsInit
001110a0 0000003c T fsExit
001110dc 00000060 T fsExemptFromSession
0011113c 00000050 T fsUnexemptFromSession
0011118c 000000cc T FSUSER_OpenFile
00111258 000000d4 T FSUSER_OpenFileDirectly
0011132c 000000bc T FSUSER_DeleteFile
001113e8 000000f8 T FSUSER_RenameFile
001114e0 000000bc T FSUSER_DeleteDirectory
0011159c 000000d4 T FSUSER_CreateFile
00111670 000000c4 T FSUSER_CreateDirectory
00111734 000000f8 T FSUSER_RenameDirectory
0011182c 000000b4 T FSUSER_OpenDirectory
001118e0 00000098 T FSUSER_OpenArchive
00111978 0000008c T FSUSER_CloseArchive
00111a04 00000074 T FSUSER_GetSdmcArchiveResource
00111a78 00000064 T FSUSER_IsSdmcWritable
00111adc 00000058 T FSFILE_Read
00111b34 00000060 T FSFILE_Write
00111b94 0000003c T FSFILE_GetSize
00111bd0 00000028 T FSFILE_SetSize
00111bf8 0000003c T FSFILE_Close
00111c34 00000024 T FSFILE_Flush
00111c58 00000050 T FSDIR_Read
00111ca8 0000003c T FSDIR_Close
00111ce4 000000c4 t buffer_read
00111da8 000000d0 t iov_read
00111e78 00000138 t iov_memmove
00111fb0 000001dc t decompress_rle
0011218c 00000244 t decompress_lzss
001123d0 00000424 t decompress_lz11
001127f4 000002d8 t decompress_huff
00112acc 00000010 T decompressCallback_Stdio
00112adc 000000dc T decompressHeader
00112bb8 00000240 T decompressV
00112df8 00000010 T rbtree_init
00112e08 000001b4 t do_insert
00112fbc 00000008 T rbtree_insert
00112fc4 00000090 T rbtree_rotate
00113054 00000318 T rbtree_remove
0011336c 00000074 T rbtree_find
001133e0 000000c0 T utf8_to_utf16
001134a0 0000013c T decode_utf8
001135dc 000000e8 T utf16_to_utf8
001136c8 000001e0 W __system_allocateHeaps
001138a8 00000038 W __libctru_init
001138e0 00000170 W __system_initArgv
00113a50 T svcControlMemory
00113a70 T svcQueryMemory
00113aa0 T svcExitProcess
00113aa8 T svcCreateThread
00113ac8 T svcExitThread
00113ad0 T svcSleepThread
00113ad8 T svcReleaseMutex
00113ae0 T svcCreateEvent
00113af4 T svcSignalEvent
00113afc T svcClearEvent
00113b04 T svcMapMemoryBlock
00113b0c T svcUnmapMemoryBlock
00113b14 T svcCreateAddressArbiter
00113b28 T svcArbitrateAddressNoTimeout
00113b30 T svcCloseHandle
00113b38 T svcWaitSynchronization
00113b40 T svcWaitSynchronizationN
00113b68 T svcDuplicateHandle
00113b7c T svcGetSystemTick
00113b84 T svcConnectToPort
00113b98 T svcSendSyncRequest
00113ba0 T svcGetResourceLimit
00113bb4 T svcGetResourceLimitLimitValues
00113bbc T svcGetResourceLimitCurrentValues
00113bc4 T svcBreak
00113bcc W initSystem
00113c1c W __ctru_exit
00113c34 T __aeabi_read_tp
00113c40 00000084 W envGetHandle
00113cc4 00000050 W envDestroyHandles
00113d14 0000000c T __sync_init
00113d20 00000018 T __sync_fini
00113d38 0000002c T syncArbitrateAddress
00113d64 000000b0 T LightLock_Lock
00113e14 00000040 T LightLock_Unlock
00113e54 00000030 T RecursiveLock_Lock
00113e84 00000054 T RecursiveLock_Unlock
00113ed8 00000040 T LightEvent_Init
00113f18 000000a4 T LightEvent_Clear
00113fbc 000000c8 T LightEvent_Signal
00114084 00000050 T LightEvent_TryWait
001140d4 000000b0 T LightEvent_Wait
00114184 00000130 T srvInit
001142b4 00000058 T srvExit
0011430c 00000060 T srvEnableNotification
0011436c 000000a0 T srvGetServiceHandleDirect
0011440c 00000038 T srvGetServiceHandle
00114444 00000034 T srvSubscribe
00114478 00000060 T srvReceiveNotification
001144d8 00000038 T srvPublishToSubscriber
00114510 000001d4 T threadCreate
001146e4 0000002c T threadFree
00114710 00000024 T threadJoin
00114734 00000030 T threadGetCurrent
00114764 00000040 T threadExit
001147a4 00000020 t _thread_begin
001147c4 000000b4 t mappableFindAddressWithin
00114878 00000028 T mappableInit
001148a0 00000080 T mappableAlloc
00114920 00000004 T mappableFree
00114924 00000164 T irrstInit
00114a88 000000cc T irrstExit
00114b54 000000b4 T irrstScanInput
00114c08 00000024 T irrstKeysHeld
00114c2c 0000000c T srvPmGetSessionHandle
00114c38 0000005c T rbtree_node_next
00114c94 00000054 T encode_utf16
00114ce8 000000e0 T encode_utf8
00114dc8 00000064 T decode_utf16
00114e2c 00000030 W __appInit
00114e5c 00000030 T __syscall_getreent
00114e8c 00000064 T __syscall_gettod_r
00114ef0 00000004 T __syscall_lock_acquire
00114ef4 00000004 T __syscall_lock_release
00114ef8 00000004 T __syscall_lock_acquire_recursive
00114efc 00000004 T __syscall_lock_release_recursive
00114f00 00000004 T __syscall_exit
00114f04 00000050 T initThreadVars
00114f54 00000080 T __system_initSyscalls
00114fd4 00000030 W __appExit
00115004 00000090 W __libctru_exit
00115094 00000014 t archive_link
001150a8 00000014 t archive_dirreset
001150bc 00000014 t archive_chmod
001150d0 00000024 t error_cmp
001150f4 00000050 t archive_translate_error
00115144 000000c8 t archive_seek
0011520c 0000007c t _archiveInit.part.0
00115288 000000c4 t archiveFindDevice.part.0
0011534c 0000025c t archive_utf16path
001155a8 000000a0 t _archiveUnmountDeviceStruct.part.0
00115648 00000014 t archive_fchmod
0011565c 00000014 t archive_statvfs
00115670 00000164 t _archiveMountDevice
001157d4 000000e8 t archive_diropen
001158bc 000000a4 t archive_fstat
00115960 0000006c t archive_close
001159cc 0000006c t archive_fsync
00115a38 00000070 t archive_dirclose
00115aa8 000000e8 t sdmc_statvfs
00115b90 000000ec t archive_chdir
00115c7c 0000007c t archive_ftruncate
00115cf8 000000ac t archive_read
00115da4 000000a4 t archive_unlink
00115e48 000000bc t archive_rmdir
00115f04 000000dc t archive_mkdir
00115fe0 0000019c t archive_stat
0011617c 0000015c t archive_dirnext
001162d8 000000ec t archive_write
001163c4 000001d4 t archive_open
00116598 00000278 t archive_rename
00116810 0000019c T archiveMountSdmc
001169ac 00000054 T archiveUnmountAll
00116a00 00000064 T fmodf
00116a68 0000024c T sinf
00116cb8 0000022c T cosf
00116ee4 00000024 t with_errnof
00116f08 0000001c T __math_invalidf
00116f24 000000b8 T ceilf
00116fdc 000001f4 T __ieee754_fmodf
001171d0 00000120 T __udivmoddi4
001172f0 00000020 T calloc
00117310 000000c0 T _calloc_r
001173d0 00000030 T exit
00117400 00000018 T malloc
00117418 00000018 T free
00117430 000007e4 T _malloc_r
00117c14 0000000c T __malloc_lock
00117c20 0000000c T __malloc_unlock
00117c2c 00000044 T rand
00117c70 00000020 T realloc
00117c90 000004a0 T _realloc_r
00118130 000001c4 t _strtoul_l.constprop.0
001182f4 00000030 T _strtoul_r
00118324 00000034 T strtoul
00118358 00000020 T memalign
00118378 0000014c T _memalign_r
001184c4 00000078 T bsearch
0011853c 00000a04 T qsort
00118f40 00000148 T _fclose_r
00119088 00000018 T fclose
001190a0 00000234 T __sflush_r
001192d4 00000094 T _fflush_r
00119368 0000001c t stdio_exit_handler
00119384 0000005c t cleanup_stdio
001193e0 00000154 t global_stdio_init.part.0
00119534 00000134 T __sfp
00119668 0000005c T __sinit
001196c4 0000000c T __sfp_lock_acquire
001196d0 0000000c T __sfp_lock_release
001196dc 0000012c T _fopen_r
00119808 00000020 T fopen
00119828 00000344 T _fread_r
00119b6c 00000038 T fread
00119ba4 0000001c T _fseek_r
00119bc0 00000070 T _fwalk_sglue
00119c30 00000130 T __smakebuf_r
00119d60 0000008c T __swhatbuf_r
00119dec 00000034 T printf
00119e20 00000038 t lflush
00119e58 0000019c T __srefill_r
00119ff4 00000264 T setvbuf
0011a258 00000074 T sscanf
0011a2cc 00000044 T __sread
0011a310 00000008 T __seofread
0011a318 00000068 T __swrite
0011a380 00000044 T __sseek
0011a3c4 00000008 T __sclose
0011a3cc 000005a0 T _fseeko_r
0011a96c 000000b0 T memcmp
0011aa1c 00000150 T memmove
0011ab6c 000000f4 T memset
0011ac60 00000130 T strchr
0011ad90 00000090 T strlen
0011ae20 000000e4 T strncat
0011af04 000000e4 T strncmp
0011afe8 000000c4 T strncpy
0011b0ac 00000048 T strnlen
0011b0f4 0000004c T time
0011b140 0000000c T __errno
0011b14c 00000084 T __libc_init_array
0011b1d0 0000003c T __libc_fini_array
0011b20c 000000e4 T memchr
0011b2f0 00000118 T memcpy
0011b408 00000110 T __call_exitprocs
0011b518 000000f8 T _malloc_trim_r
0011b610 000002e8 T _free_r
0011b8f8 00000050 t get_arg
0011b948 00002c44 T __ssvfscanf_r
0011e58c 0000067c t get_arg
0011ec08 000033b8 T _vfprintf_r
00121fc0 000000b8 t __sbprintf
00122078 0000067c t get_arg
001226f4 00000030 T __sprint_r
00122724 0000230c T _vfiprintf_r
00124a30 000000b8 t __sbprintf
00124ae8 000000c8 T __sflags
00124bb0 000004b4 T __sfvwrite_r
00125064 000000f4 T __sccl
00125158 00000064 T sprintf
001251bc 00000134 T __swsetup_r
001252f0 000000cc T stpncpy
001253bc 00000024 T __locale_mb_cur_max
001253e0 00000024 T _localeconv_r
00125404 0000000c T nanf
00125410 00000088 T frexp
00125498 000001b0 t quorem
00125648 000011f8 T _dtoa_r
00126840 000002f8 T __utf8_mbtowc
00126b38 00000088 T _Balloc
00126bc0 0000001c T _Bfree
00126bdc 000000f4 T __multadd
00126cd0 00000110 T __s2b
00126de0 00000060 T __hi0bits
00126e40 0000009c T __lo0bits
00126edc 000000ac T __i2b
00126f88 00000204 T __multiply
0012718c 00000128 T __pow5mult
001272b4 00000140 T __lshift
001273f4 00000058 T __mcmp
0012744c 000001f0 T __mdiff
0012763c 00000068 T __ulp
001276a4 000000d0 T __b2d
00127774 00000120 T __d2b
00127894 00000078 T __ratio
0012790c 00000088 T __copybits
00127994 0000005c T __any_on
001279f0 00000064 t sulp
00127a58 000013a8 T _strtod_l
00128e00 00000040 T _strtod_r
00128e40 000001a4 t _strtol_l.part.0
00128fe4 00000060 T _strtol_r
00129044 000000f0 T __utf8_wctomb
00129134 0000022c t _strtoll_l.constprop.0
00129360 00000030 T _strtoll_r
00129390 00000244 t _strtoull_l.constprop.0
001295d4 00000030 T _strtoull_r
00129604 000000bc T _mbrtowc_r
001296c0 00000094 T _wcrtomb_r
00129754 00000028 T _wcsrtombs_r
0012977c 00000008 T iswspace
00129784 00000038 T iswspace_l
001297bc 00000188 T __ssprint_r
00129944 000000d4 T _sungetc_r
00129a18 0000006c T __ssrefill_r
00129a84 000000c4 T _sfread_r
00129b48 0000067c t get_arg
0012a1c8 00003344 T _svfprintf_r
0012d50c 000000a8 T __submore
0012d5b8 00000010 T nan
0012d5c8 0000005c T __assert_func
0012d624 000000f0 t rshift
0012d714 00000814 T __gethex
0012df28 0000004c T __match
0012df74 0000029c T __hexnan
0012e210 00000188 T _wcsnrtombs_l
0012e398 00000068 T _wcsnrtombs_r
0012e400 0000008c T category
0012e48c 0000003c T fiprintf
0012e4c8 00000014 T abort
0012e4dc 00000090 T _raise_r
0012e56c 00000018 T raise
0012e584 00000020 T _exit
0012e5a4 000001c0 T _concatenate_path
0012e764 00000140 T chdir
0012e8a4 00000078 T _fstat_r
0012e91c 00000014 T _getpid_r
0012e930 0000002c T __getreent
0012e95c 00000030 T _gettimeofday_r
0012e98c 0000008c T __release_handle
0012ea18 000000b0 T __alloc_handle
0012eac8 0000003c T __get_handle
0012eb04 000000f4 T _close_r
0012ebf8 00000008 t null_write
0012ec00 00000018 T setDefaultDevice
0012ec18 000000c8 T FindDevice
0012ece0 00000028 T RemoveDevice
0012ed08 0000009c T AddDevice
0012eda4 00000020 T GetDeviceOpTab
0012edc4 00000008 T _isatty_r
0012edcc 00000014 T _kill_r
0012ede0 00000084 T _lseek_r
0012ee64 000000c0 T _open_r
0012ef24 00000080 T _read_r
0012efa4 00000078 W _sbrk_r
0012f01c 0000001c T __libc_lock_acquire
0012f038 0000001c T __libc_lock_release
0012f054 0000001c T __libc_lock_acquire_recursive
0012f070 0000001c T __libc_lock_release_recursive
0012f08c 00000080 T _write_r
0012f10c 00000038 T __aeabi_d2lz
0012f10c 00000038 T __fixdfdi
0012f148 00000040 T __aeabi_d2ulz
0012f148 00000040 T __fixunsdfdi
0012f188 00000048 T strrchr
0012f1d0 T _fini
001301c4 00000008 r s_defaultTint.0
001301d0 R render2d_shbin
0013035c R render2d_shbin_end
0013035c R render2d_shbin_size
00130360 00000004 r depthFmtSizes
00130364 00000005 r colorFmtSizes
0013036c 00000010 r CSWTCH.9
0013037c 00000038 r CSWTCH.19
001303d8 00000070 r romFS_devoptab
001304c0 00000070 r dotab_stdout
00130530 00000018 r grayScale
00130548 00000006 r colorCube
00130550 00000030 r colorTable
001305d4 00000008 r morton_y.2
001305dc 00000008 r morton_x.3
001305e4 00000008 r s_sleepWakeEvents.4
0013060c R default_font_bin
00130e0c R default_font_bin_end
00130e30 00000030 r error_table
00130e68 00000070 r archive_devoptab
00130ed8 00000060 R __inv_pio4
00130f38 000000e0 R __sincosf_table
00131018 00000008 r Zero
00131020 00000101 R _ctype_
00131128 00000022 r basefix.0
00131188 00000010 r zeroes.0
00131198 00000010 r blanks.1
001311a8 00000010 r zeroes.0
001311b8 00000010 r blanks.1
0013121c r .LC2
001312bc 0000000c r p05.0
001312c8 00000028 R __mprec_bigtens
001312f0 000000c8 R __mprec_tens
001313c8 00000014 r fpinan.0
001313dc 00000014 r fpi.1
001313f0 00000028 r tinytens
00131418 0000006c R __action_table
00131484 0000006c R __state_table
001314f0 00000100 R __chclass
001315f0 00000010 r zeroes.0
00131600 00000010 r blanks.1
0013169c 00000100 R __hexdig
0013179c 00003528 r categories
00134cc4 00000070 R dotab_stdnull
00134d34 R __tdata_align
00134d38 r __EH_FRAME_BEGIN__
00134d38 R __exidx_end
00134d38 R __exidx_start
00135000 00000004 D y
00135004 00000004 D x
00135008 00000004 D speed
0013500c 00000004 D caracter_sprite
00135010 00000004 D jetpack_sprite
00135014 00000004 D start
00135018 00000008 d framerateCounter
00135020 00000004 d framerate
00135024 00000001 d firstConsoleInit.0
00135028 00000004 D currentConsole
0013502c 00000048 D defaultConsole
00135074 00000004 d queueLock
00135078 00000004 d kCount
0013507c 00000004 d kInterval
00135080 00000004 d kDelay
00135084 00000004 d aptChainloadDeliverArgSize
00135088 W __stacksize__
0013508c 00000004 D __malloc_sbrk_base
00135090 00000004 D __malloc_trim_threshold
00135098 00000408 D __malloc_av_
001354a0 0000000c D __sglue
001354ac 00000004 D _impure_ptr
001354b0 00000120 D _impure_data
001355d0 0000016c D __global_locale
0013573c 00000400 d _current_working_directory
00135b3c 00001000 d handles
00136b3c 0000000c d __stderr_handle
00136b48 0000000c d __stdout_handle
00136b54 0000000c d __stdin_handle
00136b60 0000008c D devoptab_list
00136bec 00000004 d defaultDevice
00136bf8 d _GLOBAL_OFFSET_TABLE_
00136c04 d __frame_dummy_init_array_entry
00136c04 D __init_array_start
00136c04 B __preinit_array_end
00136c04 B __preinit_array_start
00136c04 D __tdata_lma
00136c04 D __tdata_lma_end
00136c08 d __do_global_dtors_aux_fini_array_entry
00136c08 D __fini_array_start
00136c08 D __init_array_end
00136c0c D __bss_start__
00136c0c D __fini_array_end
00136c0c 00000004 B ygoal
00136c10 00000004 B bullet_count
00136c14 00000004 B viewX
00136c18 00000004 B scroll
00136c1c 000004b0 B level
001370d0 00000004 B men
001370d4 00000004 B spriteSheet
001370d8 00000004 B menu_bg
001370dc 00000004 B g_staticBuf
001370e0 00000070 B g_staticText
00137150 00000004 B caracter_animation_counter
00137154 00000001 B inGame
00137155 00000001 B up
00137158 00000028 B bg1
00137180 00000028 B bg2
001371a8 00000028 B bg3
001371d0 00000028 B bg4
001371f8 00000004 B playerSprite
00137200 00000028 B caractersprite
00137228 00000190 B bullets
001373b8 00000028 B boom
001373e0 00000028 B bullet
00137408 00000028 B flash
00137430 00000028 B fire
00137458 00000028 B jetp16
00137480 00000028 B jetp15
001374a8 00000028 B jetp14
001374d0 00000028 B jetp13
001374f8 00000028 B jetp12
00137520 00000028 B jetp11
00137548 00000028 B jetp10
00137570 00000028 B jetp9
00137598 00000028 B jetp8
001375c0 00000028 B jetp7
001375e8 00000028 B jetp6
00137610 00000028 B jetp5
00137638 00000028 B jetp4
00137660 00000028 B jetp3
00137688 00000028 B jetp2
001376b0 00000028 B jetp1
001376d8 00000004 B startBackground_sprite
001376dc 00000004 B backgroundSprite
001376e0 b completed.1
001376e4 b object.0
00137700 000005a8 B __C2Di_Context
00137ca8 00000040 b s_projBot
00137ce8 00000040 b s_projTop
00137d28 00000004 b uLoc_mdlvMtx
00137d2c 00000004 b uLoc_projMtx
00137d30 00000004 b s_glyphSheets
00137d34 00000004 b s_textScale
00137d38 0000000c b hookCookie
00137d48 000002d0 B __C3D_Context
00138018 00000004 b frameEndCbData
0013801c 00000004 b frameEndCb
00138020 00000008 b frameCounter
00138028 00000001 b isTopStereo
00138029 00000001 b needSwapBot
0013802a 00000001 b needSwapTop
0013802b 00000001 b measureGpuTime
0013802c 00000001 b inSafeTransfer
0013802d 00000001 b inFrame
00138030 00000010 b cpuTime
00138040 00000010 b gpuTime
00138050 0000000c b linkedTarget
0013805c 00000004 b lastTarget
00138060 00000004 b firstTarget
00138064 00000008 b C3Di_IVUnifEverDirty
0013806c 000000c0 b C3Di_FVUnifEverDirty
0013812c 00000018 b C3Di_ShaderFVecData
00138144 00000002 B C3D_BoolUnifsDirty
00138148 00000008 B C3D_IVUnifDirty
00138150 000000c0 B C3D_FVUnifDirty
00138210 00000004 B C3D_BoolUnifs
00138214 00000020 B C3D_IVUnif
00138234 00000c00 B C3D_FVUnif
00138e38 00000008 b sVramPoolB
00138e40 00000008 b sVramPoolA
00138e48 0000000c b sAddrMap
00138e58 00000008 b sLinearPool
00138e60 0000000c b sAddrMap
00138e6c 00000004 b romfs_mount_list
00138e70 00000004 V __romfs_path
00138e74 00000001 V __ctru_speedup
00138e78 00000048 B currentCopy
00138ec0 00000004 b sharedFontAddr
00138ec4 00000004 B g_sharedFont
00138ec8 00000004 b screenAlloc
00138ecc 00000004 b screenFree
00138ed0 00000002 b gfxIsDoubleBuf
00138ed4 00000002 b gfxCurBuf
00138ed6 00000001 b gfxIsVram
00138ed7 00000001 b gfxTopMode
00138ed8 00000002 b gfxFramebufferFormats
00138edc 00000004 b gfxBottomFramebufferMaxSize
00138ee0 00000004 b gfxTopFramebufferMaxSize
00138ee8 00000008 b gfxBottomFramebuffers
00138ef0 00000008 b gfxTopFramebuffers
00138ef8 00000004 b boundQueue
00138efc 00000001 b shouldStop
00138efd 00000001 b isRunning
00138efe 00000001 b isActive
00138f00 00000004 b curQueue
00138f04 00000004 B gpuCmdBufOffset
00138f08 00000004 B gpuCmdBufSize
00138f0c 00000004 B gpuCmdBuf
00138f10 00000004 b cfguRefCount
00138f14 00000004 b cfguHandle
00138f18 00000007 b gspEventCbOneShot
00138f20 0000001c b gspEventCbData
00138f3c 0000001c b gspEventCb
00138f58 00000038 b gspEvents
00138f90 00000004 b gspLastEvent
00138f94 00000001 b gspRunEvents
00138f98 00000004 b gspEventThread
00138f9c 00000004 b gspEvent
00138fa0 00000001 b gspGpuRight
00138fa1 00000001 b gspThreadId
00138fa4 00000004 b gspSharedMem
00138fa8 00000004 b gspSharedMemHandle
00138fac 00000004 b gspRefCount
00138fb0 00000004 b gspGpuHandle
00138fb4 00000001 b usingIrrst
00138fb8 00000004 b hidRefCount
00138fbc 00000006 b gRate
00138fc4 00000006 b aVec
00138fcc 00000004 b cPos
00138fd0 00000004 b tPos
00138fd4 00000004 b kRepeat
00138fd8 00000004 b kUp
00138fdc 00000004 b kDown
00138fe0 00000004 b kHeld
00138fe4 00000004 b kOld
00138fe8 00000004 B hidSharedMem
00138fec 00000014 B hidEvents
00139000 00000004 B hidMemHandle
00139004 00000004 B hidHandle
00139008 00000001 b flagValue.0
00139009 00000001 b flagInit.1
0013900c 00000004 b serviceName.6
00139010 00000001 b aptChainloadFlags
00139011 00000001 b aptChainloadMediatype
00139014 00000020 b aptChainloadHmac
00139034 00000300 b aptChainloadDeliverArg
00139338 00000008 b aptChainloadTid
00139340 00001000 b aptParameters
0013a340 00000004 b aptFlags
0013a344 00000001 b aptHomeButtonState
0013a348 00000004 b aptMessageFuncData
0013a34c 00000004 b aptMessageFunc
0013a350 0000000c b aptFirstHook
0013a35c 00000001 b aptEventHandlerThreadQuit
0013a360 00000004 b aptEventHandlerThread
0013a364 00000008 b aptSleepEvent
0013a36c 00000008 b aptReceiveEvent
0013a374 00000008 b aptEvents
0013a37c 00000004 b aptLockHandle
0013a380 00000004 b aptRefCount
0013a384 00000004 b ptmSysmRefCount
0013a388 00000004 b ptmSysmHandle
0013a390 00000080 b fsExemptArchives
0013a410 00000004 b fsuRefCount
0013a414 00000004 b fsuHandle
0013a418 00000004 V __ctru_linear_heap_size
0013a41c 00000004 V __ctru_heap_size
0013a420 00000004 B __ctru_linear_heap
0013a424 00000004 B __ctru_heap
0013a428 00000004 B __system_retAddr
0013a42c 00000004 B __system_argv
0013a430 00000004 B __system_argc
0013a434 b saved_stack
0013a43c 00000004 b arbiter
0013a440 00000004 B __3dslink_host
0013a444 00000004 b srvRefCount
0013a448 00000004 b srvHandle
0013a44c 00000004 b currentAddr
0013a450 00000004 b maxAddr
0013a454 00000004 b minAddr
0013a458 00000004 b irrstRefCount
0013a45c 00000004 b csPos
0013a460 00000004 b kHeld
0013a464 00000004 B irrstSharedMem
0013a468 00000004 B irrstEvent
0013a46c 00000004 B irrstMemHandle
0013a470 00000004 B irrstHandle
0013a474 00000004 b srvPmHandle
0013a478 00000540 b archive_devices
0013a9b8 00000004 b archive_device_cwd
0013a9bc 00000001 b archive_initialized
0013a9c0 00000028 B __malloc_current_mallinfo
0013a9e8 00000004 B __malloc_max_total_mem
0013a9ec 00000004 B __malloc_max_sbrked_mem
0013a9f0 00000004 B __malloc_top_pad
0013a9f4 0000000c b __malloc_recursive_mutex
0013aa00 0000000c b __sfp_recursive_mutex
0013aa10 00000168 B __sf
0013ab78 00000004 B __stdio_exit_handler
0013ab7c 00000004 B __atexit
0013ab80 0000000c B __atexit_recursive_mutex
0013ab8c 00000400 b temp_cwd
0013af8c 00000004 b __hndl_lock
0013af90 00000004 B fake_heap_start
0013af94 00000004 B fake_heap_end
0013af98 00000004 b heap_start.0
0013af9c B __tls_start
0013bba4 B __bss_end__
0013bba4 A __end__
0013bba4 B __tls_end
